2023-05-02 22:00:00.7098 Info FooBar.Program - Hello World
2023-05-02 22:00:00.7565 Info FooBar.Program - Added 3 foo
2023-05-02 22:00:00.7565 Info FooBar.Program - Added 5 bar
2023-05-02 22:00:00.7565 Info FooBar.Program - Added 7 buzz
2023-05-02 22:00:00.7565 Info FooBar.Program - Removed 7 buzz
2023-05-02 22:09:47.8453 Info FooBar.CheckDictionary - Key = 3, Value foo successfully added
2023-05-02 22:09:47.9022 Info FooBar.CheckDictionary - Key = 5, Value bar successfully added
2023-05-02 22:09:47.9022 Info FooBar.CheckDictionary - Key = 7, Value buzz successfully added
2023-05-02 22:09:47.9106 Info FooBar.CheckDictionary - Key = 7 successfully removed
2023-05-02 22:11:22.4514 Info FooBar.CheckDictionary - Key = 3, Value foo successfully added
2023-05-02 22:11:22.4789 Info FooBar.CheckDictionary - Key = 5, Value bar successfully added
2023-05-02 22:11:22.4789 Info FooBar.CheckDictionary - Key = 7, Value buzz successfully added
2023-05-02 22:11:22.4789 Info FooBar.CheckDictionary - Key = 7 successfully removed
2023-05-02 22:26:27.6547 Info FooBar.Logger - Key = 3, Value foo successfully added
2023-05-02 22:26:27.6813 Info FooBar.Logger - Key = 5, Value bar successfully added
2023-05-02 22:26:27.6813 Info FooBar.Logger - Key = 7, Value buzz successfully added
2023-05-02 22:26:27.6813 Info FooBar.Logger - Key = 7 successfully removed
2023-05-02 22:26:35.4254 Info FooBar.Logger - Key = 3, Value foo successfully added
2023-05-02 22:26:35.4559 Info FooBar.Logger - Key = 5, Value bar successfully added
2023-05-02 22:26:35.4559 Info FooBar.Logger - Key = 7, Value buzz successfully added
2023-05-02 22:26:35.4559 Info FooBar.Logger - Key = 7 successfully removed
2023-05-03 10:07:23.7711 Info FooBar.Logger - Key = 3, Value foo successfully added
2023-05-03 10:07:23.7995 Info FooBar.Logger - Key = 5, Value bar successfully added
2023-05-03 10:07:23.8029 Info FooBar.Logger - Key = 7, Value buzz successfully added
2023-05-03 10:07:23.8029 Info FooBar.Logger - Key = 7 successfully removed
