2023-05-02 22:00:00.7098 Info FooBar.Program - Hello World
2023-05-02 22:00:00.7565 Info FooBar.Program - Added 3 foo
2023-05-02 22:00:00.7565 Info FooBar.Program - Added 5 bar
2023-05-02 22:00:00.7565 Info FooBar.Program - Added 7 buzz
2023-05-02 22:00:00.7565 Info FooBar.Program - Removed 7 buzz
2023-05-02 22:09:47.8453 Info FooBar.CheckDictionary - Key = 3, Value foo successfully added
2023-05-02 22:09:47.9022 Info FooBar.CheckDictionary - Key = 5, Value bar successfully added
2023-05-02 22:09:47.9022 Info FooBar.CheckDictionary - Key = 7, Value buzz successfully added
2023-05-02 22:09:47.9106 Info FooBar.CheckDictionary - Key = 7 successfully removed
2023-05-02 22:09:53.3653 Debug FooBar.CheckDictionary - Output = foobar
2023-05-02 22:09:53.3653 Debug FooBar.CheckDictionary - Output = 1
2023-05-02 22:09:53.3653 Debug FooBar.CheckDictionary - Output = 2
2023-05-02 22:09:53.3653 Debug FooBar.CheckDictionary - Output = foo
2023-05-02 22:09:53.3653 Debug FooBar.CheckDictionary - Output = 4
2023-05-02 22:09:53.3653 Debug FooBar.CheckDictionary - Output = bar
2023-05-02 22:09:53.3653 Debug FooBar.CheckDictionary - Output = foo
2023-05-02 22:09:53.3653 Debug FooBar.CheckDictionary - Output = 7
2023-05-02 22:09:53.3653 Debug FooBar.CheckDictionary - Output = 8
2023-05-02 22:09:53.3778 Debug FooBar.CheckDictionary - Output = foo
2023-05-02 22:09:53.3778 Debug FooBar.CheckDictionary - Output = bar
2023-05-02 22:09:53.3778 Debug FooBar.CheckDictionary - Output = 11
2023-05-02 22:09:53.3778 Debug FooBar.CheckDictionary - Output = foo
2023-05-02 22:09:53.3778 Debug FooBar.CheckDictionary - Output = 13
2023-05-02 22:09:53.3778 Debug FooBar.CheckDictionary - Output = 14
2023-05-02 22:09:53.3778 Debug FooBar.CheckDictionary - Output = foobar
2023-05-02 22:09:53.3778 Debug FooBar.CheckDictionary - Output = 16
2023-05-02 22:09:53.3778 Debug FooBar.CheckDictionary - Output = 17
2023-05-02 22:09:53.3778 Debug FooBar.CheckDictionary - Output = foo
2023-05-02 22:09:53.3778 Debug FooBar.CheckDictionary - Output = 19
2023-05-02 22:09:53.3778 Debug FooBar.CheckDictionary - Output = bar
2023-05-02 22:09:53.3778 Debug FooBar.CheckDictionary - Output = foo
2023-05-02 22:09:53.3778 Debug FooBar.CheckDictionary - Output = 22
2023-05-02 22:09:53.3778 Debug FooBar.CheckDictionary - Output = 23
2023-05-02 22:09:53.3778 Debug FooBar.CheckDictionary - Output = foo
2023-05-02 22:09:53.3778 Debug FooBar.CheckDictionary - Output = bar
2023-05-02 22:09:53.3778 Debug FooBar.CheckDictionary - Output = 26
2023-05-02 22:09:53.3778 Debug FooBar.CheckDictionary - Output = foo
2023-05-02 22:09:53.3778 Debug FooBar.CheckDictionary - Output = 28
2023-05-02 22:09:53.3778 Debug FooBar.CheckDictionary - Output = 29
2023-05-02 22:09:53.3778 Debug FooBar.CheckDictionary - Output = foobar
2023-05-02 22:11:22.4514 Info FooBar.CheckDictionary - Key = 3, Value foo successfully added
2023-05-02 22:11:22.4789 Info FooBar.CheckDictionary - Key = 5, Value bar successfully added
2023-05-02 22:11:22.4789 Info FooBar.CheckDictionary - Key = 7, Value buzz successfully added
2023-05-02 22:11:22.4789 Info FooBar.CheckDictionary - Key = 7 successfully removed
2023-05-02 22:11:24.5752 Debug FooBar.CheckDictionary - Output = foobar
2023-05-02 22:11:24.5752 Debug FooBar.CheckDictionary - Output = 1
2023-05-02 22:11:24.5752 Debug FooBar.CheckDictionary - Output = 2
2023-05-02 22:11:24.5752 Debug FooBar.CheckDictionary - Output = foo
2023-05-02 22:11:24.5752 Debug FooBar.CheckDictionary - Output = 4
2023-05-02 22:11:24.5752 Debug FooBar.CheckDictionary - Output = bar
2023-05-02 22:11:24.5752 Debug FooBar.CheckDictionary - Output = foo
2023-05-02 22:11:24.5752 Debug FooBar.CheckDictionary - Output = 7
2023-05-02 22:11:24.5752 Debug FooBar.CheckDictionary - Output = 8
2023-05-02 22:11:24.5752 Debug FooBar.CheckDictionary - Output = foo
2023-05-02 22:11:24.5752 Debug FooBar.CheckDictionary - Output = bar
2023-05-02 22:11:24.5752 Debug FooBar.CheckDictionary - Output = 11
2023-05-02 22:11:24.5752 Debug FooBar.CheckDictionary - Output = foo
2023-05-02 22:11:24.5752 Debug FooBar.CheckDictionary - Output = 13
2023-05-02 22:11:24.5752 Debug FooBar.CheckDictionary - Output = 14
2023-05-02 22:11:24.5752 Debug FooBar.CheckDictionary - Output = foobar
2023-05-02 22:11:24.5752 Debug FooBar.CheckDictionary - Output = 16
2023-05-02 22:11:24.5752 Debug FooBar.CheckDictionary - Output = 17
2023-05-02 22:11:24.5752 Debug FooBar.CheckDictionary - Output = foo
2023-05-02 22:11:24.5752 Debug FooBar.CheckDictionary - Output = 19
2023-05-02 22:11:24.5752 Debug FooBar.CheckDictionary - Output = bar
2023-05-02 22:11:24.5752 Debug FooBar.CheckDictionary - Output = foo
2023-05-02 22:11:24.5752 Debug FooBar.CheckDictionary - Output = 22
2023-05-02 22:11:24.5752 Debug FooBar.CheckDictionary - Output = 23
2023-05-02 22:11:24.5752 Debug FooBar.CheckDictionary - Output = foo
2023-05-02 22:11:24.5752 Debug FooBar.CheckDictionary - Output = bar
2023-05-02 22:11:24.5752 Debug FooBar.CheckDictionary - Output = 26
2023-05-02 22:11:24.5752 Debug FooBar.CheckDictionary - Output = foo
2023-05-02 22:11:24.5752 Debug FooBar.CheckDictionary - Output = 28
2023-05-02 22:11:24.5752 Debug FooBar.CheckDictionary - Output = 29
2023-05-02 22:11:24.5752 Debug FooBar.CheckDictionary - Output = foobar
2023-05-02 22:26:27.6547 Info FooBar.Logger - Key = 3, Value foo successfully added
2023-05-02 22:26:27.6813 Info FooBar.Logger - Key = 5, Value bar successfully added
2023-05-02 22:26:27.6813 Info FooBar.Logger - Key = 7, Value buzz successfully added
2023-05-02 22:26:27.6813 Info FooBar.Logger - Key = 7 successfully removed
2023-05-02 22:26:29.5602 Debug FooBar.Logger - Output = foobar
2023-05-02 22:26:29.5602 Debug FooBar.Logger - Output = 1
2023-05-02 22:26:29.5602 Debug FooBar.Logger - Output = 2
2023-05-02 22:26:29.5602 Debug FooBar.Logger - Output = foo
2023-05-02 22:26:29.5602 Debug FooBar.Logger - Output = 4
2023-05-02 22:26:29.5602 Debug FooBar.Logger - Output = bar
2023-05-02 22:26:29.5602 Debug FooBar.Logger - Output = foo
2023-05-02 22:26:29.5602 Debug FooBar.Logger - Output = 7
2023-05-02 22:26:29.5602 Debug FooBar.Logger - Output = 8
2023-05-02 22:26:29.5602 Debug FooBar.Logger - Output = foo
2023-05-02 22:26:29.5602 Debug FooBar.Logger - Output = bar
2023-05-02 22:26:29.5602 Debug FooBar.Logger - Output = 11
2023-05-02 22:26:29.5602 Debug FooBar.Logger - Output = foo
2023-05-02 22:26:29.5602 Debug FooBar.Logger - Output = 13
2023-05-02 22:26:29.5602 Debug FooBar.Logger - Output = 14
2023-05-02 22:26:29.5602 Debug FooBar.Logger - Output = foobar
2023-05-02 22:26:29.5602 Debug FooBar.Logger - Output = 16
2023-05-02 22:26:29.5602 Debug FooBar.Logger - Output = 17
2023-05-02 22:26:29.5602 Debug FooBar.Logger - Output = foo
2023-05-02 22:26:29.5602 Debug FooBar.Logger - Output = 19
2023-05-02 22:26:29.5602 Debug FooBar.Logger - Output = bar
2023-05-02 22:26:29.5602 Debug FooBar.Logger - Output = foo
2023-05-02 22:26:29.5602 Debug FooBar.Logger - Output = 22
2023-05-02 22:26:29.5602 Debug FooBar.Logger - Output = 23
2023-05-02 22:26:29.5602 Debug FooBar.Logger - Output = foo
2023-05-02 22:26:29.5602 Debug FooBar.Logger - Output = bar
2023-05-02 22:26:29.5602 Debug FooBar.Logger - Output = 26
2023-05-02 22:26:29.5602 Debug FooBar.Logger - Output = foo
2023-05-02 22:26:29.5602 Debug FooBar.Logger - Output = 28
2023-05-02 22:26:29.5602 Debug FooBar.Logger - Output = 29
2023-05-02 22:26:29.5602 Debug FooBar.Logger - Output = foobar
2023-05-02 22:26:35.4254 Info FooBar.Logger - Key = 3, Value foo successfully added
2023-05-02 22:26:35.4559 Info FooBar.Logger - Key = 5, Value bar successfully added
2023-05-02 22:26:35.4559 Info FooBar.Logger - Key = 7, Value buzz successfully added
2023-05-02 22:26:35.4559 Info FooBar.Logger - Key = 7 successfully removed
2023-05-02 22:26:37.0164 Debug FooBar.Logger - Output = foobar
2023-05-02 22:26:37.0164 Debug FooBar.Logger - Output = 1
2023-05-02 22:26:37.0164 Debug FooBar.Logger - Output = 2
2023-05-02 22:26:37.0164 Debug FooBar.Logger - Output = foo
2023-05-02 22:26:37.0164 Debug FooBar.Logger - Output = 4
2023-05-02 22:26:37.0164 Debug FooBar.Logger - Output = bar
2023-05-02 22:26:37.0164 Debug FooBar.Logger - Output = foo
2023-05-02 22:26:37.0164 Debug FooBar.Logger - Output = 7
2023-05-02 22:26:37.0164 Debug FooBar.Logger - Output = 8
2023-05-02 22:26:37.0164 Debug FooBar.Logger - Output = foo
2023-05-02 22:26:37.0164 Debug FooBar.Logger - Output = bar
2023-05-02 22:26:37.0164 Debug FooBar.Logger - Output = 11
2023-05-02 22:26:37.0183 Debug FooBar.Logger - Output = foo
2023-05-02 22:26:37.0183 Debug FooBar.Logger - Output = 13
2023-05-02 22:26:37.0183 Debug FooBar.Logger - Output = 14
2023-05-02 22:26:37.0183 Debug FooBar.Logger - Output = foobar
2023-05-02 22:26:37.0183 Debug FooBar.Logger - Output = 16
2023-05-02 22:26:37.0183 Debug FooBar.Logger - Output = 17
2023-05-02 22:26:37.0183 Debug FooBar.Logger - Output = foo
2023-05-02 22:26:37.0183 Debug FooBar.Logger - Output = 19
2023-05-02 22:26:37.0183 Debug FooBar.Logger - Output = bar
2023-05-02 22:26:37.0183 Debug FooBar.Logger - Output = foo
2023-05-02 22:26:37.0183 Debug FooBar.Logger - Output = 22
2023-05-02 22:26:37.0183 Debug FooBar.Logger - Output = 23
2023-05-02 22:26:37.0183 Debug FooBar.Logger - Output = foo
2023-05-02 22:26:37.0183 Debug FooBar.Logger - Output = bar
2023-05-02 22:26:37.0183 Debug FooBar.Logger - Output = 26
2023-05-02 22:26:37.0183 Debug FooBar.Logger - Output = foo
2023-05-02 22:26:37.0183 Debug FooBar.Logger - Output = 28
2023-05-02 22:26:37.0183 Debug FooBar.Logger - Output = 29
2023-05-02 22:26:37.0183 Debug FooBar.Logger - Output = foobar
2023-05-02 22:26:37.0183 Debug FooBar.Logger - Output = 31
2023-05-02 22:26:37.0183 Debug FooBar.Logger - Output = 32
2023-05-02 22:26:37.0183 Debug FooBar.Logger - Output = foo
2023-05-02 22:26:37.0183 Debug FooBar.Logger - Output = 34
2023-05-02 22:26:37.0183 Debug FooBar.Logger - Output = bar
2023-05-02 22:26:37.0183 Debug FooBar.Logger - Output = foo
2023-05-02 22:26:37.0183 Debug FooBar.Logger - Output = 37
2023-05-02 22:26:37.0183 Debug FooBar.Logger - Output = 38
2023-05-02 22:26:37.0183 Debug FooBar.Logger - Output = foo
2023-05-02 22:26:37.0183 Debug FooBar.Logger - Output = bar
2023-05-03 10:07:23.7711 Info FooBar.Logger - Key = 3, Value foo successfully added
2023-05-03 10:07:23.7995 Info FooBar.Logger - Key = 5, Value bar successfully added
2023-05-03 10:07:23.8029 Info FooBar.Logger - Key = 7, Value buzz successfully added
2023-05-03 10:07:23.8029 Info FooBar.Logger - Key = 7 successfully removed
2023-05-03 10:07:26.6966 Debug FooBar.Logger - Output = foobar
2023-05-03 10:07:26.6966 Debug FooBar.Logger - Output = 1
2023-05-03 10:07:26.6966 Debug FooBar.Logger - Output = 2
2023-05-03 10:07:26.6966 Debug FooBar.Logger - Output = foo
2023-05-03 10:07:26.6966 Debug FooBar.Logger - Output = 4
2023-05-03 10:07:26.6966 Debug FooBar.Logger - Output = bar
2023-05-03 10:07:26.6966 Debug FooBar.Logger - Output = foo
2023-05-03 10:07:26.6966 Debug FooBar.Logger - Output = 7
2023-05-03 10:07:26.6966 Debug FooBar.Logger - Output = 8
2023-05-03 10:07:26.6966 Debug FooBar.Logger - Output = foo
2023-05-03 10:07:26.6966 Debug FooBar.Logger - Output = bar
2023-05-03 10:07:26.6966 Debug FooBar.Logger - Output = 11
2023-05-03 10:07:26.6966 Debug FooBar.Logger - Output = foo
2023-05-03 10:07:26.6966 Debug FooBar.Logger - Output = 13
2023-05-03 10:07:26.6966 Debug FooBar.Logger - Output = 14
2023-05-03 10:07:26.6966 Debug FooBar.Logger - Output = foobar
2023-05-03 10:07:26.6966 Debug FooBar.Logger - Output = 16
2023-05-03 10:07:26.6966 Debug FooBar.Logger - Output = 17
2023-05-03 10:07:26.6966 Debug FooBar.Logger - Output = foo
2023-05-03 10:07:26.6966 Debug FooBar.Logger - Output = 19
2023-05-03 10:07:26.6966 Debug FooBar.Logger - Output = bar
2023-05-03 10:16:23.1053 Info FooBar.Logger - Key = 3, Value foo successfully added
2023-05-03 10:16:23.1340 Info FooBar.Logger - Key = 5, Value bar successfully added
2023-05-03 10:16:23.1340 Info FooBar.Logger - Key = 7, Value buzz successfully added
2023-05-03 10:16:23.1340 Info FooBar.Logger - Key = 7 successfully removed
2023-05-03 10:16:26.7619 Debug FooBar.Logger - Output = foobar
2023-05-03 10:16:26.7949 Debug FooBar.Logger - Output = 1
2023-05-03 10:16:26.8141 Debug FooBar.Logger - Output = 2
2023-05-03 10:16:26.8531 Debug FooBar.Logger - Output = foo
2023-05-03 10:16:26.8745 Debug FooBar.Logger - Output = 4
2023-05-03 10:16:26.8882 Debug FooBar.Logger - Output = bar
2023-05-03 10:16:26.8974 Debug FooBar.Logger - Output = foo
2023-05-03 10:16:26.9326 Debug FooBar.Logger - Output = 7
2023-05-03 10:16:26.9524 Debug FooBar.Logger - Output = 8
2023-05-03 10:16:26.9918 Debug FooBar.Logger - Output = foo
2023-05-03 10:16:27.0094 Debug FooBar.Logger - Output = bar
2023-05-03 10:16:27.0384 Debug FooBar.Logger - Output = 11
2023-05-03 10:16:27.0793 Debug FooBar.Logger - Output = foo
2023-05-03 10:16:27.1454 Debug FooBar.Logger - Output = 13
2023-05-03 10:16:27.1705 Debug FooBar.Logger - Output = 14
2023-05-03 10:16:27.2135 Debug FooBar.Logger - Output = foobar
