2023-05-02 22:00:00.7098 Info FooBar.Program - Hello World
2023-05-02 22:00:00.7565 Info FooBar.Program - Added 3 foo
2023-05-02 22:00:00.7565 Info FooBar.Program - Added 5 bar
2023-05-02 22:00:00.7565 Info FooBar.Program - Added 7 buzz
2023-05-02 22:00:00.7565 Info FooBar.Program - Removed 7 buzz
2023-05-02 22:09:47.8453 Info FooBar.CheckDictionary - Key = 3, Value foo successfully added
2023-05-02 22:09:47.9022 Info FooBar.CheckDictionary - Key = 5, Value bar successfully added
2023-05-02 22:09:47.9022 Info FooBar.CheckDictionary - Key = 7, Value buzz successfully added
2023-05-02 22:09:47.9106 Info FooBar.CheckDictionary - Key = 7 successfully removed
2023-05-02 22:09:53.3653 Debug FooBar.CheckDictionary - Output = foobar
2023-05-02 22:09:53.3653 Debug FooBar.CheckDictionary - Output = 1
2023-05-02 22:09:53.3653 Debug FooBar.CheckDictionary - Output = 2
2023-05-02 22:09:53.3653 Debug FooBar.CheckDictionary - Output = foo
2023-05-02 22:09:53.3653 Debug FooBar.CheckDictionary - Output = 4
2023-05-02 22:09:53.3653 Debug FooBar.CheckDictionary - Output = bar
2023-05-02 22:09:53.3653 Debug FooBar.CheckDictionary - Output = foo
2023-05-02 22:09:53.3653 Debug FooBar.CheckDictionary - Output = 7
2023-05-02 22:09:53.3653 Debug FooBar.CheckDictionary - Output = 8
2023-05-02 22:09:53.3778 Debug FooBar.CheckDictionary - Output = foo
2023-05-02 22:09:53.3778 Debug FooBar.CheckDictionary - Output = bar
2023-05-02 22:09:53.3778 Debug FooBar.CheckDictionary - Output = 11
2023-05-02 22:09:53.3778 Debug FooBar.CheckDictionary - Output = foo
2023-05-02 22:09:53.3778 Debug FooBar.CheckDictionary - Output = 13
2023-05-02 22:09:53.3778 Debug FooBar.CheckDictionary - Output = 14
2023-05-02 22:09:53.3778 Debug FooBar.CheckDictionary - Output = foobar
2023-05-02 22:09:53.3778 Debug FooBar.CheckDictionary - Output = 16
2023-05-02 22:09:53.3778 Debug FooBar.CheckDictionary - Output = 17
2023-05-02 22:09:53.3778 Debug FooBar.CheckDictionary - Output = foo
2023-05-02 22:09:53.3778 Debug FooBar.CheckDictionary - Output = 19
2023-05-02 22:09:53.3778 Debug FooBar.CheckDictionary - Output = bar
2023-05-02 22:09:53.3778 Debug FooBar.CheckDictionary - Output = foo
2023-05-02 22:09:53.3778 Debug FooBar.CheckDictionary - Output = 22
2023-05-02 22:09:53.3778 Debug FooBar.CheckDictionary - Output = 23
2023-05-02 22:09:53.3778 Debug FooBar.CheckDictionary - Output = foo
2023-05-02 22:09:53.3778 Debug FooBar.CheckDictionary - Output = bar
2023-05-02 22:09:53.3778 Debug FooBar.CheckDictionary - Output = 26
2023-05-02 22:09:53.3778 Debug FooBar.CheckDictionary - Output = foo
2023-05-02 22:09:53.3778 Debug FooBar.CheckDictionary - Output = 28
2023-05-02 22:09:53.3778 Debug FooBar.CheckDictionary - Output = 29
2023-05-02 22:09:53.3778 Debug FooBar.CheckDictionary - Output = foobar
2023-05-02 22:11:22.4514 Info FooBar.CheckDictionary - Key = 3, Value foo successfully added
2023-05-02 22:11:22.4789 Info FooBar.CheckDictionary - Key = 5, Value bar successfully added
2023-05-02 22:11:22.4789 Info FooBar.CheckDictionary - Key = 7, Value buzz successfully added
2023-05-02 22:11:22.4789 Info FooBar.CheckDictionary - Key = 7 successfully removed
2023-05-02 22:11:24.5752 Debug FooBar.CheckDictionary - Output = foobar
2023-05-02 22:11:24.5752 Debug FooBar.CheckDictionary - Output = 1
2023-05-02 22:11:24.5752 Debug FooBar.CheckDictionary - Output = 2
2023-05-02 22:11:24.5752 Debug FooBar.CheckDictionary - Output = foo
2023-05-02 22:11:24.5752 Debug FooBar.CheckDictionary - Output = 4
2023-05-02 22:11:24.5752 Debug FooBar.CheckDictionary - Output = bar
2023-05-02 22:11:24.5752 Debug FooBar.CheckDictionary - Output = foo
2023-05-02 22:11:24.5752 Debug FooBar.CheckDictionary - Output = 7
2023-05-02 22:11:24.5752 Debug FooBar.CheckDictionary - Output = 8
2023-05-02 22:11:24.5752 Debug FooBar.CheckDictionary - Output = foo
2023-05-02 22:11:24.5752 Debug FooBar.CheckDictionary - Output = bar
2023-05-02 22:11:24.5752 Debug FooBar.CheckDictionary - Output = 11
2023-05-02 22:11:24.5752 Debug FooBar.CheckDictionary - Output = foo
2023-05-02 22:11:24.5752 Debug FooBar.CheckDictionary - Output = 13
2023-05-02 22:11:24.5752 Debug FooBar.CheckDictionary - Output = 14
2023-05-02 22:11:24.5752 Debug FooBar.CheckDictionary - Output = foobar
2023-05-02 22:11:24.5752 Debug FooBar.CheckDictionary - Output = 16
2023-05-02 22:11:24.5752 Debug FooBar.CheckDictionary - Output = 17
2023-05-02 22:11:24.5752 Debug FooBar.CheckDictionary - Output = foo
2023-05-02 22:11:24.5752 Debug FooBar.CheckDictionary - Output = 19
2023-05-02 22:11:24.5752 Debug FooBar.CheckDictionary - Output = bar
2023-05-02 22:11:24.5752 Debug FooBar.CheckDictionary - Output = foo
2023-05-02 22:11:24.5752 Debug FooBar.CheckDictionary - Output = 22
2023-05-02 22:11:24.5752 Debug FooBar.CheckDictionary - Output = 23
2023-05-02 22:11:24.5752 Debug FooBar.CheckDictionary - Output = foo
2023-05-02 22:11:24.5752 Debug FooBar.CheckDictionary - Output = bar
2023-05-02 22:11:24.5752 Debug FooBar.CheckDictionary - Output = 26
2023-05-02 22:11:24.5752 Debug FooBar.CheckDictionary - Output = foo
2023-05-02 22:11:24.5752 Debug FooBar.CheckDictionary - Output = 28
2023-05-02 22:11:24.5752 Debug FooBar.CheckDictionary - Output = 29
2023-05-02 22:11:24.5752 Debug FooBar.CheckDictionary - Output = foobar
